<?xml version="1.0" encoding="UTF-8"?>
<!-- Generated by org.testng.reporters.JUnitXMLReporter -->
<testsuite ignored="0" hostname="LAPTOP-0QTDGNSP" failures="0" tests="4" name="Test" time="0.169" errors="0" timestamp="2022-06-02T23:48:46 IST">
  <testcase classname="testclasses.VerifyUserCanBuyProduct" name="@BeforeClass BeforeClass" time="0.061">
    <failure type="java.lang.IllegalStateException" message="The driver executable must exist: C:\Users\Rashmi\eclipse-workspace\Maven_FlipkartProject\src\main\resources\Browsers2\chromedriver.exe">
      <![CDATA[java.lang.IllegalStateException: The driver executable must exist: C:\Users\Rashmi\eclipse-workspace\Maven_FlipkartProject\src\main\resources\Browsers2\chromedriver.exe
at org.openqa.selenium.internal.Require$FileStateChecker.isFile(Require.java:342)
at org.openqa.selenium.remote.service.DriverService.checkExecutable(DriverService.java:147)
at org.openqa.selenium.remote.service.DriverService.findExecutable(DriverService.java:142)
at org.openqa.selenium.chrome.ChromeDriverService.access$000(ChromeDriverService.java:38)
at org.openqa.selenium.chrome.ChromeDriverService$Builder.findDefaultExecutable(ChromeDriverService.java:231)
at org.openqa.selenium.remote.service.DriverService$Builder.build(DriverService.java:437)
at org.openqa.selenium.chrome.ChromeDriverService.createDefaultService(ChromeDriverService.java:127)
at org.openqa.selenium.chrome.ChromeDriver.<init>(ChromeDriver.java:48)
at baseclasses.Base_Class.getDriver(Base_Class.java:14)
at testclasses.VerifyUserCanBuyProduct.BeforeClass(VerifyUserCanBuyProduct.java:25)
at java.base/java.util.ArrayList.forEach(ArrayList.java:1511)
... Removed 25 stack frames]]>
    </failure>
  </testcase> <!-- @BeforeClass BeforeClass -->
  <testcase classname="testclasses.VerifyUserCanBuyProduct" name="@BeforeMethod beforeMethod" time="-1.654193926749E9">
    <skipped/>
  </testcase> <!-- @BeforeMethod beforeMethod -->
  <testcase classname="testclasses.VerifyUserCanBuyProduct" name="@AfterMethod afterMethod" time="-1.654193926762E9">
    <skipped/>
  </testcase> <!-- @AfterMethod afterMethod -->
  <testcase classname="testclasses.VerifyUserCanBuyProduct" name="@BeforeMethod beforeMethod" time="-1.654193926764E9">
    <skipped/>
  </testcase> <!-- @BeforeMethod beforeMethod -->
  <testcase classname="testclasses.VerifyUserCanBuyProduct" name="@AfterMethod afterMethod" time="-1.654193926787E9">
    <skipped/>
  </testcase> <!-- @AfterMethod afterMethod -->
  <testcase classname="testclasses.VerifyUserCanBuyProduct" name="@BeforeMethod beforeMethod" time="-1.65419392679E9">
    <skipped/>
  </testcase> <!-- @BeforeMethod beforeMethod -->
  <testcase classname="testclasses.VerifyUserCanBuyProduct" name="@AfterMethod afterMethod" time="-1.654193926796E9">
    <skipped/>
  </testcase> <!-- @AfterMethod afterMethod -->
  <testcase classname="testclasses.VerifyUserCanBuyProduct" name="@BeforeMethod beforeMethod" time="-1.654193926799E9">
    <skipped/>
  </testcase> <!-- @BeforeMethod beforeMethod -->
  <testcase classname="testclasses.VerifyUserCanBuyProduct" name="@AfterMethod afterMethod" time="-1.654193926804E9">
    <skipped/>
  </testcase> <!-- @AfterMethod afterMethod -->
  <testcase classname="testclasses.VerifyUserCanBuyProduct" name="@AfterClass afterClass" time="-1.654193926805E9">
    <skipped/>
  </testcase> <!-- @AfterClass afterClass -->
  <testcase classname="testclasses.VerifyUserCanBuyProduct" name="Test" time="0.0">
    <skipped/>
  </testcase> <!-- Test -->
  <testcase classname="testclasses.VerifyUserCanBuyProduct" name="Test" time="0.0">
    <skipped/>
  </testcase> <!-- Test -->
  <testcase classname="testclasses.VerifyUserCanBuyProduct" name="Test" time="0.0">
    <skipped/>
  </testcase> <!-- Test -->
  <testcase classname="testclasses.VerifyUserCanBuyProduct" name="VerifyUserCanloginOrNot" time="0.0">
    <skipped/>
  </testcase> <!-- VerifyUserCanloginOrNot -->
</testsuite> <!-- Test -->
