<?xml version="1.0" encoding="UTF-8"?>
<!-- Generated by org.testng.reporters.JUnitXMLReporter -->
<testsuite ignored="1" hostname="LAPTOP-0QTDGNSP" failures="0" tests="1" name="Default test" time="0.078" errors="0" timestamp="2022-06-03T15:11:24 IST">
  <testcase classname="testclasses.VerifyUserCanSearchProductThroughExcel" name="@BeforeClass browserMethod" time="-1.654249284054E9">
    <failure type="org.testng.TestNGException" message="
Parameter &amp;apos;Browser&amp;apos; is required by BeforeClass on method browserMethod but has not been marked @Optional or defined
in C:\Users\Rashmi\AppData\Local\Temp\testng-eclipse--1714210409\testng-customsuite.xml">
      <![CDATA[org.testng.TestNGException: 
Parameter 'Browser' is required by BeforeClass on method browserMethod but has not been marked @Optional or defined
in C:\Users\Rashmi\AppData\Local\Temp\testng-eclipse--1714210409\testng-customsuite.xml
at org.testng.internal.Parameters.createParams(Parameters.java:270)
at org.testng.internal.Parameters.createParametersForMethod(Parameters.java:358)
at org.testng.internal.Parameters.createParameters(Parameters.java:700)
at org.testng.internal.Parameters.createConfigurationParameters(Parameters.java:168)
at org.testng.internal.ConfigInvoker.invokeConfigurations(ConfigInvoker.java:302)
at org.testng.internal.TestMethodWorker.invokeBeforeClassMethods(TestMethodWorker.java:176)
at org.testng.internal.TestMethodWorker.run(TestMethodWorker.java:122)
at java.base/java.util.ArrayList.forEach(ArrayList.java:1511)
at org.testng.TestRunner.privateRun(TestRunner.java:794)
at org.testng.TestRunner.run(TestRunner.java:596)
at org.testng.SuiteRunner.runTest(SuiteRunner.java:377)
at org.testng.SuiteRunner.runSequentially(SuiteRunner.java:371)
at org.testng.SuiteRunner.privateRun(SuiteRunner.java:332)
at org.testng.SuiteRunner.run(SuiteRunner.java:276)
at org.testng.SuiteRunnerWorker.runSuite(SuiteRunnerWorker.java:53)
at org.testng.SuiteRunnerWorker.run(SuiteRunnerWorker.java:96)
at org.testng.TestNG.runSuitesSequentially(TestNG.java:1212)
at org.testng.TestNG.runSuitesLocally(TestNG.java:1134)
at org.testng.TestNG.runSuites(TestNG.java:1063)
at org.testng.TestNG.run(TestNG.java:1031)
at org.testng.remote.AbstractRemoteTestNG.run(AbstractRemoteTestNG.java:115)
at org.testng.remote.RemoteTestNG.initAndRun(RemoteTestNG.java:251)
at org.testng.remote.RemoteTestNG.main(RemoteTestNG.java:77)
]]>
    </failure>
  </testcase> <!-- @BeforeClass browserMethod -->
  <testcase classname="testclasses.VerifyUserCanSearchProductThroughExcel" name="@BeforeMethod beforeMethod" time="-1.654249284073E9">
    <skipped/>
  </testcase> <!-- @BeforeMethod beforeMethod -->
  <testcase classname="testclasses.VerifyUserCanSearchProductThroughExcel" name="@AfterMethod afterMethod" time="-1.65424928408E9">
    <skipped/>
  </testcase> <!-- @AfterMethod afterMethod -->
  <testcase classname="testclasses.VerifyUserCanSearchProductThroughExcel" name="@AfterClass afterClass" time="-1.654249284083E9">
    <skipped/>
  </testcase> <!-- @AfterClass afterClass -->
  <testcase classname="testclasses.VerifyUserCanSearchProductThroughExcel" name="VerifyUserCanLogin" time="0.0">
    <skipped/>
  </testcase> <!-- VerifyUserCanLogin -->
  <testcase classname="testclasses.VerifyUserCanSearchProductThroughExcel" name="VerifyUserCanSearchProduct" time="0.0">
    <ignored/>
  </testcase> <!-- VerifyUserCanSearchProduct -->
</testsuite> <!-- Default test -->
